<?xml version="1.0" encoding="UTF-8"?>
<!-- Generated by org.testng.reporters.JUnitReportReporter -->
<testsuite hostname="DESKTOP-494PFL6" failures="0" tests="4" name="dataDrivenTestig.TestCase" time="30.463" errors="0" timestamp="2024-04-25T09:48:02 NZST" skipped="0">
  <testcase classname="dataDrivenTestig.TestCase" name="loginDDT" time="9.324"/>
  <testcase classname="dataDrivenTestig.TestCase" name="loginDDT" time="5.578"/>
  <testcase classname="dataDrivenTestig.TestCase" name="loginDDT" time="9.037"/>
  <testcase classname="dataDrivenTestig.TestCase" name="loginDDT" time="6.524"/>
</testsuite> <!-- dataDrivenTestig.TestCase -->
