<?xml version="1.0" encoding="UTF-8"?>
<!-- Generated by org.testng.reporters.JUnitReportReporter -->
<testsuite hostname="DESKTOP-494PFL6" failures="0" tests="1" name="com.itnetBanking.testCases.java.TC_AddCustomerTest_003" time="21.259" errors="0" timestamp="2024-04-26T19:42:42 NZST" skipped="0">
  <testcase classname="com.itnetBanking.testCases.java.TC_AddCustomerTest_003" name="addNewCustomer" time="21.259"/>
</testsuite> <!-- com.itnetBanking.testCases.java.TC_AddCustomerTest_003 -->
