<?xml version="1.0" encoding="UTF-8"?>
<!-- Generated by org.testng.reporters.JUnitReportReporter -->
<testsuite hostname="DESKTOP-494PFL6" failures="0" tests="1" name="test.OrangeHrm" time="5.100" errors="0" timestamp="2024-04-02T16:48:03 NZDT" skipped="0">
  <testcase classname="test.OrangeHrm" name="Facebook" time="5.100"/>
</testsuite> <!-- test.OrangeHrm -->
