<?xml version="1.0" encoding="UTF-8"?>
<!-- Generated by org.testng.reporters.JUnitReportReporter -->
<testsuite hostname="DESKTOP-494PFL6" failures="0" tests="2" name="test.FirstTest" time="9.523" errors="0" timestamp="2024-03-30T20:50:21 NZDT" skipped="0">
  <testcase classname="test.FirstTest" name="TestFacebook" time="3.143"/>
  <testcase classname="test.FirstTest" name="TestGoogle" time="6.380"/>
</testsuite> <!-- test.FirstTest -->
