<?xml version="1.0" encoding="UTF-8"?>
<!-- Generated by org.testng.reporters.JUnitReportReporter -->
<testsuite hostname="DESKTOP-494PFL6" failures="0" tests="1" name="com.pageObjectModel.RegistrationTest" time="5.807" errors="0" timestamp="2024-04-17T12:57:04 NZST" skipped="0">
  <testcase classname="com.pageObjectModel.RegistrationTest" name="bookFlitTicket" time="5.807"/>
</testsuite> <!-- com.pageObjectModel.RegistrationTest -->
