<?xml version="1.0" encoding="UTF-8"?>
<!-- Generated by org.testng.reporters.JUnitReportReporter -->
<testsuite hostname="DESKTOP-494PFL6" failures="0" tests="4" name="dataDrivenTestig.TestCase" time="27.323" errors="0" timestamp="2024-04-27T17:38:12 NZST" skipped="0">
  <testcase classname="dataDrivenTestig.TestCase" name="loginDDT" time="5.443"/>
  <testcase classname="dataDrivenTestig.TestCase" name="loginDDT" time="6.651"/>
  <testcase classname="dataDrivenTestig.TestCase" name="loginDDT" time="9.144"/>
  <testcase classname="dataDrivenTestig.TestCase" name="loginDDT" time="6.085"/>
</testsuite> <!-- dataDrivenTestig.TestCase -->
