<?xml version="1.0" encoding="UTF-8"?>
<!-- Generated by org.testng.reporters.JUnitReportReporter -->
<testsuite hostname="DESKTOP-494PFL6" failures="0" tests="2" name="test.FirstTest" time="9.796" errors="0" timestamp="2024-04-27T17:38:12 NZST" skipped="0">
  <testcase classname="test.FirstTest" name="TestGoogle" time="7.093"/>
  <testcase classname="test.FirstTest" name="TestFacebook" time="2.703"/>
</testsuite> <!-- test.FirstTest -->
